c:\users\dkaus\documents\visual studio 2017\projects\jogo\jogo\debug\vc141.pdb
c:\users\dkaus\documents\visual studio 2017\projects\jogo\jogo\debug\vc141.idb
c:\users\dkaus\documents\visual studio 2017\projects\jogo\jogo\debug\animacao_principal.obj
c:\users\dkaus\documents\visual studio 2017\projects\jogo\jogo\debug\jogo_princial.obj
c:\users\dkaus\documents\visual studio 2017\projects\jogo\jogo\debug\mini_jogo_matematica.obj
c:\users\dkaus\documents\visual studio 2017\projects\jogo\jogo\debug\mini_jogo_repita_sequencia.obj
c:\users\dkaus\documents\visual studio 2017\projects\jogo\jogo\debug\save_game.obj
c:\users\dkaus\documents\visual studio 2017\projects\jogo\jogo\debug\controle_progresso.obj
c:\users\dkaus\documents\visual studio 2017\projects\jogo\jogo\debug\mini_jogo_chuva_de_letras.obj
c:\users\dkaus\documents\visual studio 2017\projects\jogo\jogo\debug\calc.obj
c:\users\dkaus\documents\visual studio 2017\projects\jogo\jogo\debug\types_queue.obj
c:\users\dkaus\documents\visual studio 2017\projects\jogo\jogo\debug\queue.obj
c:\users\dkaus\documents\visual studio 2017\projects\jogo\debug\jogo.exe
c:\users\dkaus\documents\visual studio 2017\projects\jogo\debug\jogo.ilk
c:\users\dkaus\documents\visual studio 2017\projects\jogo\debug\jogo.pdb
c:\users\dkaus\documents\visual studio 2017\projects\jogo\jogo\debug\jogo.tlog\cl.command.1.tlog
c:\users\dkaus\documents\visual studio 2017\projects\jogo\jogo\debug\jogo.tlog\cl.read.1.tlog
c:\users\dkaus\documents\visual studio 2017\projects\jogo\jogo\debug\jogo.tlog\cl.write.1.tlog
c:\users\dkaus\documents\visual studio 2017\projects\jogo\jogo\debug\jogo.tlog\link.command.1.tlog
c:\users\dkaus\documents\visual studio 2017\projects\jogo\jogo\debug\jogo.tlog\link.read.1.tlog
c:\users\dkaus\documents\visual studio 2017\projects\jogo\jogo\debug\jogo.tlog\link.write.1.tlog
