c:\users\dkaus\documents\visual studio 2017\projects\jogo\jogo\release\vc141.pdb
c:\users\dkaus\documents\visual studio 2017\projects\jogo\jogo\release\types_queue.obj
c:\users\dkaus\documents\visual studio 2017\projects\jogo\jogo\release\save_game.obj
c:\users\dkaus\documents\visual studio 2017\projects\jogo\jogo\release\queue.obj
c:\users\dkaus\documents\visual studio 2017\projects\jogo\jogo\release\mini_jogo_repita_sequencia.obj
c:\users\dkaus\documents\visual studio 2017\projects\jogo\jogo\release\mini_jogo_matematica.obj
c:\users\dkaus\documents\visual studio 2017\projects\jogo\jogo\release\mini_jogo_chuva_de_letras.obj
c:\users\dkaus\documents\visual studio 2017\projects\jogo\jogo\release\jogo_princial.obj
c:\users\dkaus\documents\visual studio 2017\projects\jogo\jogo\release\controle_progresso.obj
c:\users\dkaus\documents\visual studio 2017\projects\jogo\jogo\release\calc.obj
c:\users\dkaus\documents\visual studio 2017\projects\jogo\jogo\release\animacao_principal.obj
c:\users\dkaus\documents\visual studio 2017\projects\jogo\release\jogo.ipdb
c:\users\dkaus\documents\visual studio 2017\projects\jogo\release\jogo.iobj
c:\users\dkaus\documents\visual studio 2017\projects\jogo\release\jogo.exe
c:\users\dkaus\documents\visual studio 2017\projects\jogo\release\jogo.pdb
c:\users\dkaus\documents\visual studio 2017\projects\jogo\jogo\release\jogo.tlog\cl.command.1.tlog
c:\users\dkaus\documents\visual studio 2017\projects\jogo\jogo\release\jogo.tlog\cl.read.1.tlog
c:\users\dkaus\documents\visual studio 2017\projects\jogo\jogo\release\jogo.tlog\cl.write.1.tlog
c:\users\dkaus\documents\visual studio 2017\projects\jogo\jogo\release\jogo.tlog\jogo.write.1u.tlog
c:\users\dkaus\documents\visual studio 2017\projects\jogo\jogo\release\jogo.tlog\link.command.1.tlog
c:\users\dkaus\documents\visual studio 2017\projects\jogo\jogo\release\jogo.tlog\link.read.1.tlog
c:\users\dkaus\documents\visual studio 2017\projects\jogo\jogo\release\jogo.tlog\link.write.1.tlog
